0 info it worked if it ends with ok
1 verbose cli [ '/usr/local/Cellar/node/7.5.0/bin/node',
1 verbose cli   '/usr/local/bin/npm',
1 verbose cli   'run',
1 verbose cli   'watch-styles' ]
2 info using npm@4.1.2
3 info using node@v7.5.0
4 verbose run-script [ 'prewatch-styles', 'watch-styles', 'postwatch-styles' ]
5 info lifecycle ismailivolunteer@0.1.0~prewatch-styles: ismailivolunteer@0.1.0
6 silly lifecycle ismailivolunteer@0.1.0~prewatch-styles: no script for prewatch-styles, continuing
7 info lifecycle ismailivolunteer@0.1.0~watch-styles: ismailivolunteer@0.1.0
8 verbose lifecycle ismailivolunteer@0.1.0~watch-styles: unsafe-perm in lifecycle true
9 verbose lifecycle ismailivolunteer@0.1.0~watch-styles: PATH: /usr/local/lib/node_modules/npm/bin/node-gyp-bin:/Users/alizain/803/clients/ismaili/volunteer/node_modules/.bin:/Users/alizain/.yarn/bin:/Users/alizain/.rbenv/shims:/Users/alizain/miniconda3/bin:/usr/local/bin:/usr/bin:/bin:/usr/sbin:/sbin:/opt/X11/bin:/usr/local/go/bin:/Users/alizain/Experiments/golang/bin
10 verbose lifecycle ismailivolunteer@0.1.0~watch-styles: CWD: /Users/alizain/803/clients/ismaili/volunteer
11 silly lifecycle ismailivolunteer@0.1.0~watch-styles: Args: [ '-c', 'npm run styles -- -w' ]
12 silly lifecycle ismailivolunteer@0.1.0~watch-styles: Returned: code: 1  signal: null
13 info lifecycle ismailivolunteer@0.1.0~watch-styles: Failed to exec watch-styles script
14 verbose stack Error: ismailivolunteer@0.1.0 watch-styles: `npm run styles -- -w`
14 verbose stack Exit status 1
14 verbose stack     at EventEmitter.<anonymous> (/usr/local/lib/node_modules/npm/lib/utils/lifecycle.js:279:16)
14 verbose stack     at emitTwo (events.js:106:13)
14 verbose stack     at EventEmitter.emit (events.js:192:7)
14 verbose stack     at ChildProcess.<anonymous> (/usr/local/lib/node_modules/npm/lib/utils/spawn.js:40:14)
14 verbose stack     at emitTwo (events.js:106:13)
14 verbose stack     at ChildProcess.emit (events.js:192:7)
14 verbose stack     at maybeClose (internal/child_process.js:890:16)
14 verbose stack     at Process.ChildProcess._handle.onexit (internal/child_process.js:226:5)
15 verbose pkgid ismailivolunteer@0.1.0
16 verbose cwd /Users/alizain/803/clients/ismaili/volunteer
17 error Darwin 16.5.0
18 error argv "/usr/local/Cellar/node/7.5.0/bin/node" "/usr/local/bin/npm" "run" "watch-styles"
19 error node v7.5.0
20 error npm  v4.1.2
21 error code ELIFECYCLE
22 error ismailivolunteer@0.1.0 watch-styles: `npm run styles -- -w`
22 error Exit status 1
23 error Failed at the ismailivolunteer@0.1.0 watch-styles script 'npm run styles -- -w'.
23 error Make sure you have the latest version of node.js and npm installed.
23 error If you do, this is most likely a problem with the ismailivolunteer package,
23 error not with npm itself.
23 error Tell the author that this fails on your system:
23 error     npm run styles -- -w
23 error You can get information on how to open an issue for this project with:
23 error     npm bugs ismailivolunteer
23 error Or if that isn't available, you can get their info via:
23 error     npm owner ls ismailivolunteer
23 error There is likely additional logging output above.
24 verbose exit [ 1, true ]
